<?xml version="1.0" encoding="UTF-8"?>
<testsuite name="com.emse.spring.serrato.SerratoApplicationTests" tests="1" skipped="0" failures="0" errors="0" timestamp="2024-12-20T13:37:16" hostname="PC_ANTOINE" time="1.174">
  <properties/>
  <testcase name="contextLoads()" classname="com.emse.spring.serrato.SerratoApplicationTests" time="1.174"/>
  <system-out><![CDATA[14:37:13.436 [Test worker] INFO org.springframework.test.context.support.AnnotationConfigContextLoaderUtils -- Could not detect default configuration classes for test class [com.emse.spring.serrato.SerratoApplicationTests]: SerratoApplicationTests does not declare any static, non-private, non-final, nested classes annotated with @Configuration.
14:37:13.642 [Test worker] INFO org.springframework.boot.test.context.SpringBootTestContextBootstrapper -- Found @SpringBootConfiguration com.emse.spring.serrato.SerratoApplication for test class com.emse.spring.serrato.SerratoApplicationTests

  .   ____          _            __ _ _
 /\\ / ___'_ __ _ _(_)_ __  __ _ \ \ \ \
( ( )\___ | '_ | '_| | '_ \/ _` | \ \ \ \
 \\/  ___)| |_)| | | | | || (_| |  ) ) ) )
  '  |____| .__|_| |_|_| |_\__, | / / / /
 =========|_|==============|___/=/_/_/_/

 :: Spring Boot ::                (v3.3.7)

2024-12-20T14:37:14.418+01:00  INFO 7152 --- [serrato] [    Test worker] c.e.s.serrato.SerratoApplicationTests    : Starting SerratoApplicationTests using Java 21.0.4 with PID 7152 (started by antoi in C:\Users\antoi\Documents_local\dossier_mines_st_etienne\cours\informatique\TB3\projet_final\serrato)
2024-12-20T14:37:14.420+01:00  INFO 7152 --- [serrato] [    Test worker] c.e.s.serrato.SerratoApplicationTests    : No active profile set, falling back to 1 default profile: "default"
2024-12-20T14:37:16.557+01:00  INFO 7152 --- [serrato] [    Test worker] c.e.s.serrato.SerratoApplicationTests    : Started SerratoApplicationTests in 2.524 seconds (process running for 4.868)
]]></system-out>
  <system-err><![CDATA[WARNING: A Java agent has been loaded dynamically (C:\Users\antoi\.gradle\caches\modules-2\files-2.1\net.bytebuddy\byte-buddy-agent\1.14.19\154da3a65b4f4a909d3e5bdec55d1b2b4cbb6ce1\byte-buddy-agent-1.14.19.jar)
WARNING: If a serviceability tool is in use, please run with -XX:+EnableDynamicAgentLoading to hide this warning
WARNING: If a serviceability tool is not in use, please run with -Djdk.instrument.traceUsage for more information
WARNING: Dynamic loading of agents will be disallowed by default in a future release
]]></system-err>
</testsuite>
